Build started 11/21/2016 11:02:53 PM.
     1>Project "C:\Users\rafu\documents\visual studio 2015\Projects\GAME230_Breakout\GAME230_Breakout\GAME230_Breakout.vcxproj" on node 2 (Build target(s)).
     1>ClCompile:
         C:\Program Files (x86)\Microsoft Visual Studio 14.0\VC\bin\CL.exe /c /I"C:\Users\rafu\Documents\SFML-2.3.2\include" /ZI /nologo /W3 /WX- /Od /Oy- /D WIN32 /D _DEBUG /D _CONSOLE /D _UNICODE /D UNICODE /Gm /EHsc /RTC1 /MDd /GS /fp:precise /Zc:wchar_t /Zc:forScope /Zc:inline /Fo"Debug\\" /Fd"Debug\vc140.pdb" /Gd /TP /analyze- /errorReport:prompt main.cpp
         main.cpp
     1>c:\users\rafu\documents\visual studio 2015\projects\game230_breakout\game230_breakout\main.cpp(80): warning C4244: 'argument': conversion from 'time_t' to 'unsigned int', possible loss of data
     1>c:\users\rafu\documents\visual studio 2015\projects\game230_breakout\game230_breakout\main.cpp(84): warning C4244: 'argument': conversion from 'unsigned int' to 'float', possible loss of data
     1>c:\users\rafu\documents\visual studio 2015\projects\game230_breakout\game230_breakout\main.cpp(87): warning C4244: 'argument': conversion from 'unsigned int' to 'float', possible loss of data
     1>c:\users\rafu\documents\visual studio 2015\projects\game230_breakout\game230_breakout\main.cpp(192): warning C4244: 'argument': conversion from 'double' to 'float', possible loss of data
     1>c:\users\rafu\documents\visual studio 2015\projects\game230_breakout\game230_breakout\main.cpp(193): warning C4244: 'argument': conversion from 'double' to 'float', possible loss of data
     1>c:\users\rafu\documents\visual studio 2015\projects\game230_breakout\game230_breakout\main.cpp(324): warning C4018: '<': signed/unsigned mismatch
     1>c:\users\rafu\documents\visual studio 2015\projects\game230_breakout\game230_breakout\main.cpp(387): warning C4244: '=': conversion from 'int' to 'float', possible loss of data
     1>c:\users\rafu\documents\visual studio 2015\projects\game230_breakout\game230_breakout\main.cpp(436): warning C4018: '<': signed/unsigned mismatch
       Link:
         C:\Program Files (x86)\Microsoft Visual Studio 14.0\VC\bin\link.exe /ERRORREPORT:PROMPT /OUT:"C:\Users\rafu\documents\visual studio 2015\Projects\GAME230_Breakout\Debug\GAME230_Breakout.exe" /INCREMENTAL /NOLOGO /LIBPATH:"C:\Users\rafu\Documents\SFML-2.3.2\lib" "sfml-main-d.lib" "sfml-system-d.lib" "sfml-audio-d.lib" "sfml-window-d.lib" "sfml-network-d.lib" "sfml-graphics-d.lib" openal32.lib kernel32.lib user32.lib gdi32.lib winspool.lib comdlg32.lib advapi32.lib shell32.lib ole32.lib oleaut32.lib uuid.lib odbc32.lib odbccp32.lib kernel32.lib user32.lib gdi32.lib winspool.lib comdlg32.lib advapi32.lib shell32.lib ole32.lib oleaut32.lib uuid.lib odbc32.lib odbccp32.lib /MANIFEST /MANIFESTUAC:"level='asInvoker' uiAccess='false'" /manifest:embed /Debug /PDB:"C:\Users\rafu\documents\visual studio 2015\Projects\GAME230_Breakout\Debug\GAME230_Breakout.pdb" /SUBSYSTEM:CONSOLE /TLBID:1 /DYNAMICBASE /NXCOMPAT /IMPLIB:"C:\Users\rafu\documents\visual studio 2015\Projects\GAME230_Breakout\Debug\GAME230_Breakout.lib" /MACHINE:X86 Debug\Ball.obj
         Debug\Brick.obj
         Debug\main.obj
         Debug\Paddle.obj
         GAME230_Breakout.vcxproj -> C:\Users\rafu\documents\visual studio 2015\Projects\GAME230_Breakout\Debug\GAME230_Breakout.exe
     1>Done Building Project "C:\Users\rafu\documents\visual studio 2015\Projects\GAME230_Breakout\GAME230_Breakout\GAME230_Breakout.vcxproj" (Build target(s)).

Build succeeded.

Time Elapsed 00:00:01.53
